<?xml version="1.0" encoding="UTF-8"?><testsuite errors="1" failures="0" name="Login" skipped="0" tests="1" time="13.1" timestamp="2023-09-15 05:29:25"><testcase name="Successful Login"><error message="Step [he enter the correct credentials] is defined with 0 parameters at 'stepsdefinitions.LoginStepDefinition.heEnterTheCorrectCredentials()'.&#10;However, the gherkin step has 1 arguments:&#10; * Table:&#10;      | Document | 1111111111     |&#10;      | Password | contraseña1234 |&#10;&#10;Step text: he enter the correct credentials" type="io.cucumber.core.exception.CucumberException">Step [he enter the correct credentials] is defined with 0 parameters at 'stepsdefinitions.LoginStepDefinition.heEnterTheCorrectCredentials()'.
However, the gherkin step has 1 arguments:
 * Table:
      | Document | 1111111111     |
      | Password | contraseña1234 |

Step text: he enter the correct credentials</error><system-err>Step [he enter the correct credentials] is defined with 0 parameters at 'stepsdefinitions.LoginStepDefinition.heEnterTheCorrectCredentials()'.
However, the gherkin step has 1 arguments:
 * Table:
      | Document | 1111111111     |
      | Password | contraseña1234 |

Step text: he enter the correct credentials&#13;
io.cucumber.core.runner.PickleStepDefinitionMatch.arityMismatch(PickleStepDefinitionMatch.java:83)&#13;
io.cucumber.core.runner.PickleStepDefinitionMatch.runStep(PickleStepDefinitionMatch.java:42)&#13;
io.cucumber.core.runner.TestStep.executeStep(TestStep.java:92)&#13;
io.cucumber.core.runner.TestStep.run(TestStep.java:64)&#13;
io.cucumber.core.runner.PickleStepTestStep.run(PickleStepTestStep.java:51)&#13;
io.cucumber.core.runner.TestCase.run(TestCase.java:104)&#13;
io.cucumber.core.runner.Runner.runPickle(Runner.java:73)&#13;
io.cucumber.junit.FeatureRunner.runChild(FeatureRunner.java:135)&#13;
io.cucumber.junit.FeatureRunner.runChild(FeatureRunner.java:27)&#13;
io.cucumber.junit.CucumberSerenityRunner.runChild(CucumberSerenityRunner.java:258)&#13;
io.cucumber.junit.CucumberSerenityRunner.runChild(CucumberSerenityRunner.java:57)&#13;
worker.org.gradle.process.internal.worker.GradleWorkerMain.run(GradleWorkerMain.java:69)&#13;
worker.org.gradle.process.internal.worker.GradleWorkerMain.main(GradleWorkerMain.java:74)&#13;
</system-err></testcase></testsuite>